{"level":"info","message":"mongoDb is connected localhost","timestamp":"2026-06-11 00:17:01"}
{"level":"info","message":"Server running in development mode on port 5000","timestamp":"2026-06-11 00:17:01"}
{"level":"info","message":"mongoDb is connected localhost","timestamp":"2026-06-11 00:17:17"}
{"level":"info","message":"Server running in development mode on port 5000","timestamp":"2026-06-11 00:17:17"}
{"level":"info","message":"mongoDb is connected localhost","timestamp":"2026-06-25 22:40:14"}
{"level":"info","message":"Server running in development mode on port 5000","timestamp":"2026-06-25 22:40:14"}
{"level":"info","message":"mongoDb is connected localhost","timestamp":"2026-06-25 22:40:23"}
{"level":"info","message":"Server running in development mode on port 5000","timestamp":"2026-06-25 22:40:23"}
{"level":"info","message":"mongoDb is connected localhost","timestamp":"2026-06-25 22:43:18"}
{"level":"info","message":"Server running in development mode on port 5000","timestamp":"2026-06-25 22:43:18"}
{"level":"info","message":"mongoDb is connected localhost","timestamp":"2026-06-25 22:43:22"}
{"level":"info","message":"Server running in development mode on port 5000","timestamp":"2026-06-25 22:43:22"}
{"level":"info","message":"mongoDb is connected localhost","timestamp":"2026-06-25 22:43:41"}
{"level":"info","message":"Server running in development mode on port 5000","timestamp":"2026-06-25 22:43:41"}
{"level":"info","message":"mongoDb is connected localhost","timestamp":"2026-06-25 22:43:51"}
{"level":"info","message":"Server running in development mode on port 5000","timestamp":"2026-06-25 22:43:51"}
{"level":"info","message":"mongoDb is connected localhost","timestamp":"2026-06-25 22:44:49"}
{"level":"info","message":"Server running in development mode on port 5000","timestamp":"2026-06-25 22:44:49"}
{"level":"info","message":"mongoDb is connected localhost","timestamp":"2026-06-25 22:47:27"}
{"level":"info","message":"Server running in development mode on port 5000","timestamp":"2026-06-25 22:47:27"}
{"level":"debug","message":"undefined ","timestamp":"2026-06-25 22:48:18"}
{"error":"Cannot destructure property 'userName' of 'req.body' as it is undefined.","level":"error","message":"Register error","stack":"TypeError: Cannot destructure property 'userName' of 'req.body' as it is undefined.\n    at register (C:\\Users\\jaipu\\OneDrive\\Desktop\\OfficeBites\\controllers\\authController.js:29:17)\n    at Layer.handleRequest (C:\\Users\\jaipu\\OneDrive\\Desktop\\OfficeBites\\node_modules\\router\\lib\\layer.js:152:17)\n    at next (C:\\Users\\jaipu\\OneDrive\\Desktop\\OfficeBites\\node_modules\\router\\lib\\route.js:157:13)\n    at Route.dispatch (C:\\Users\\jaipu\\OneDrive\\Desktop\\OfficeBites\\node_modules\\router\\lib\\route.js:117:3)\n    at handle (C:\\Users\\jaipu\\OneDrive\\Desktop\\OfficeBites\\node_modules\\router\\index.js:435:11)\n    at Layer.handleRequest (C:\\Users\\jaipu\\OneDrive\\Desktop\\OfficeBites\\node_modules\\router\\lib\\layer.js:152:17)\n    at C:\\Users\\jaipu\\OneDrive\\Desktop\\OfficeBites\\node_modules\\router\\index.js:295:15\n    at processParams (C:\\Users\\jaipu\\OneDrive\\Desktop\\OfficeBites\\node_modules\\router\\index.js:582:12)\n    at next (C:\\Users\\jaipu\\OneDrive\\Desktop\\OfficeBites\\node_modules\\router\\index.js:291:5)\n    at router.handle (C:\\Users\\jaipu\\OneDrive\\Desktop\\OfficeBites\\node_modules\\router\\index.js:186:3)","timestamp":"2026-06-25 22:48:18"}
{"level":"info","message":"mongoDb is connected localhost","timestamp":"2026-06-25 22:49:34"}
{"level":"info","message":"Server running in development mode on port 5000","timestamp":"2026-06-25 22:49:34"}
{"level":"info","message":"mongoDb is connected localhost","timestamp":"2026-06-25 22:49:58"}
{"level":"info","message":"Server running in development mode on port 5000","timestamp":"2026-06-25 22:49:58"}
{"level":"info","message":"mongoDb is connected localhost","timestamp":"2026-06-25 22:50:01"}
{"level":"info","message":"Server running in development mode on port 5000","timestamp":"2026-06-25 22:50:01"}
{"level":"info","message":"mongoDb is connected localhost","timestamp":"2026-06-25 22:50:02"}
{"level":"info","message":"Server running in development mode on port 5000","timestamp":"2026-06-25 22:50:02"}
{"level":"info","message":"mongoDb is connected localhost","timestamp":"2026-06-25 22:50:25"}
{"level":"info","message":"Server running in development mode on port 5000","timestamp":"2026-06-25 22:50:25"}
{"level":"debug","message":"Incoming request","method":"POST","timestamp":"2026-06-25 22:50:26","url":"/api/register"}
{"error":"Cannot destructure property 'userName' of 'req.body' as it is undefined.","level":"error","message":"Register error","stack":"TypeError: Cannot destructure property 'userName' of 'req.body' as it is undefined.\n    at register (C:\\Users\\jaipu\\OneDrive\\Desktop\\OfficeBites\\controllers\\authController.js:29:17)\n    at Layer.handleRequest (C:\\Users\\jaipu\\OneDrive\\Desktop\\OfficeBites\\node_modules\\router\\lib\\layer.js:152:17)\n    at next (C:\\Users\\jaipu\\OneDrive\\Desktop\\OfficeBites\\node_modules\\router\\lib\\route.js:157:13)\n    at Route.dispatch (C:\\Users\\jaipu\\OneDrive\\Desktop\\OfficeBites\\node_modules\\router\\lib\\route.js:117:3)\n    at handle (C:\\Users\\jaipu\\OneDrive\\Desktop\\OfficeBites\\node_modules\\router\\index.js:435:11)\n    at Layer.handleRequest (C:\\Users\\jaipu\\OneDrive\\Desktop\\OfficeBites\\node_modules\\router\\lib\\layer.js:152:17)\n    at C:\\Users\\jaipu\\OneDrive\\Desktop\\OfficeBites\\node_modules\\router\\index.js:295:15\n    at processParams (C:\\Users\\jaipu\\OneDrive\\Desktop\\OfficeBites\\node_modules\\router\\index.js:582:12)\n    at next (C:\\Users\\jaipu\\OneDrive\\Desktop\\OfficeBites\\node_modules\\router\\index.js:291:5)\n    at router.handle (C:\\Users\\jaipu\\OneDrive\\Desktop\\OfficeBites\\node_modules\\router\\index.js:186:3)","timestamp":"2026-06-25 22:50:26"}
{"level":"debug","message":"Incoming request","method":"POST","timestamp":"2026-06-25 22:51:40","url":"/api/register"}
{"email":"shubham@gmail.com","level":"debug","message":"Register attempt","role":"owner","timestamp":"2026-06-25 22:51:40"}
{"error":"next is not a function","level":"error","message":"Register error","stack":"TypeError: next is not a function\n    at model.<anonymous> (C:\\Users\\jaipu\\OneDrive\\Desktop\\OfficeBites\\models\\user_model.js:70:5)\n    at async Kareem.execPre (C:\\Users\\jaipu\\OneDrive\\Desktop\\OfficeBites\\node_modules\\kareem\\index.js:61:24)\n    at async model.$__save (C:\\Users\\jaipu\\OneDrive\\Desktop\\OfficeBites\\node_modules\\mongoose\\lib\\model.js:402:5)\n    at async maybeTracedSave (C:\\Users\\jaipu\\OneDrive\\Desktop\\OfficeBites\\node_modules\\mongoose\\lib\\model.js:674:7)\n    at async model.create (C:\\Users\\jaipu\\OneDrive\\Desktop\\OfficeBites\\node_modules\\mongoose\\lib\\model.js:2762:5)\n    at async register (C:\\Users\\jaipu\\OneDrive\\Desktop\\OfficeBites\\controllers\\authController.js:69:22)","timestamp":"2026-06-25 22:51:40"}
{"level":"info","message":"mongoDb is connected localhost","timestamp":"2026-06-25 22:52:29"}
{"level":"info","message":"Server running in development mode on port 5000","timestamp":"2026-06-25 22:52:29"}
{"level":"info","message":"mongoDb is connected localhost","timestamp":"2026-06-25 22:52:31"}
{"level":"info","message":"Server running in development mode on port 5000","timestamp":"2026-06-25 22:52:31"}
{"level":"debug","message":"Incoming request","method":"POST","timestamp":"2026-06-25 22:55:27","url":"/api/register"}
{"email":"shubham@gmail.com","level":"debug","message":"Register attempt","role":"owner","timestamp":"2026-06-25 22:55:27"}
{"error":"next is not a function","level":"error","message":"Register error","stack":"TypeError: next is not a function\n    at model.<anonymous> (C:\\Users\\jaipu\\OneDrive\\Desktop\\OfficeBites\\models\\user_model.js:70:5)\n    at async Kareem.execPre (C:\\Users\\jaipu\\OneDrive\\Desktop\\OfficeBites\\node_modules\\kareem\\index.js:61:24)\n    at async model.$__save (C:\\Users\\jaipu\\OneDrive\\Desktop\\OfficeBites\\node_modules\\mongoose\\lib\\model.js:402:5)\n    at async maybeTracedSave (C:\\Users\\jaipu\\OneDrive\\Desktop\\OfficeBites\\node_modules\\mongoose\\lib\\model.js:674:7)\n    at async model.create (C:\\Users\\jaipu\\OneDrive\\Desktop\\OfficeBites\\node_modules\\mongoose\\lib\\model.js:2762:5)\n    at async register (C:\\Users\\jaipu\\OneDrive\\Desktop\\OfficeBites\\controllers\\authController.js:69:22)","timestamp":"2026-06-25 22:55:28"}
{"level":"info","message":"mongoDb is connected localhost","timestamp":"2026-06-25 22:56:07"}
{"level":"info","message":"Server running in development mode on port 5000","timestamp":"2026-06-25 22:56:07"}
{"level":"debug","message":"Incoming request","method":"POST","timestamp":"2026-06-25 22:57:26","url":"/api/register"}
{"email":"shubham@gmail.com","level":"debug","message":"Register attempt","role":"owner","timestamp":"2026-06-25 22:57:26"}
{"email":"shubham@gmail.com","level":"info","message":"User registered","role":"owner","timestamp":"2026-06-25 22:57:27","userId":"6a3d64fef471dbb0c88e51a1"}
{"level":"debug","message":"Incoming request","method":"POST","timestamp":"2026-06-25 23:03:14","url":"/api/login"}
{"email":"shubham@gmail.com","level":"debug","message":"Login attempt","timestamp":"2026-06-25 23:03:14"}
{"email":"shubham@gmail.com","level":"info","message":"User logged in","role":"owner","timestamp":"2026-06-25 23:03:14","userId":"6a3d64fef471dbb0c88e51a1"}
{"level":"debug","message":"Incoming request","method":"POST","timestamp":"2026-06-25 23:03:34","url":"/api/logout"}
{"level":"debug","message":"Auth middleware — token verified","role":"owner","timestamp":"2026-06-25 23:03:34","userId":"6a3d64fef471dbb0c88e51a1"}
{"level":"info","message":"User logged out","timestamp":"2026-06-25 23:03:34","userId":"6a3d64fef471dbb0c88e51a1"}
